[2022-06-10 13:49:22Z INFO HostContext] No proxy settings were found based on environmental variables (http_proxy/https_proxy/HTTP_PROXY/HTTPS_PROXY)
[2022-06-10 13:49:22Z INFO HostContext] Well known directory 'Bin': '/Users/pedro/Documents/MasterURJC/Mod10/4.2.Integracion-y-entrega-continua-ejem-1/actions-runner/bin'
[2022-06-10 13:49:22Z INFO HostContext] Well known directory 'Root': '/Users/pedro/Documents/MasterURJC/Mod10/4.2.Integracion-y-entrega-continua-ejem-1/actions-runner'
[2022-06-10 13:49:22Z INFO HostContext] Well known config file 'Credentials': '/Users/pedro/Documents/MasterURJC/Mod10/4.2.Integracion-y-entrega-continua-ejem-1/actions-runner/.credentials'
[2022-06-10 13:49:22Z INFO HostContext] Well known directory 'Bin': '/Users/pedro/Documents/MasterURJC/Mod10/4.2.Integracion-y-entrega-continua-ejem-1/actions-runner/bin'
[2022-06-10 13:49:22Z INFO HostContext] Well known directory 'Root': '/Users/pedro/Documents/MasterURJC/Mod10/4.2.Integracion-y-entrega-continua-ejem-1/actions-runner'
[2022-06-10 13:49:22Z INFO HostContext] Well known config file 'Runner': '/Users/pedro/Documents/MasterURJC/Mod10/4.2.Integracion-y-entrega-continua-ejem-1/actions-runner/.runner'
[2022-06-10 13:49:22Z INFO Listener] Runner is built for OSX (Arm64) - osx-arm64.
[2022-06-10 13:49:22Z INFO Listener] RuntimeInformation: Darwin 21.5.0 Darwin Kernel Version 21.5.0: Tue Apr 26 21:08:37 PDT 2022; root:xnu-8020.121.3~4/RELEASE_ARM64_T6000.
[2022-06-10 13:49:22Z INFO Listener] Version: 2.292.0
[2022-06-10 13:49:22Z INFO Listener] Commit: d4b794dd645e16990ae0530bf977e26ab24be9d9
[2022-06-10 13:49:22Z INFO Listener] Culture: 
[2022-06-10 13:49:22Z INFO Listener] UI Culture: 
[2022-06-10 13:49:22Z INFO HostContext] Well known directory 'Bin': '/Users/pedro/Documents/MasterURJC/Mod10/4.2.Integracion-y-entrega-continua-ejem-1/actions-runner/bin'
[2022-06-10 13:49:22Z INFO HostContext] Well known directory 'Root': '/Users/pedro/Documents/MasterURJC/Mod10/4.2.Integracion-y-entrega-continua-ejem-1/actions-runner'
[2022-06-10 13:49:22Z INFO Listener] Validating directory permissions for: '/Users/pedro/Documents/MasterURJC/Mod10/4.2.Integracion-y-entrega-continua-ejem-1/actions-runner'
[2022-06-10 13:49:22Z INFO CommandLineParser] Parse
[2022-06-10 13:49:22Z INFO CommandLineParser] Parsing 5 args
[2022-06-10 13:49:22Z INFO CommandLineParser] parsing argument
[2022-06-10 13:49:22Z INFO CommandLineParser] HasArgs: False
[2022-06-10 13:49:22Z INFO CommandLineParser] Adding Command: configure
[2022-06-10 13:49:22Z INFO CommandLineParser] parsing argument
[2022-06-10 13:49:22Z INFO CommandLineParser] HasArgs: True
[2022-06-10 13:49:22Z INFO CommandLineParser] arg: url
[2022-06-10 13:49:22Z INFO CommandLineParser] parsing argument
[2022-06-10 13:49:22Z INFO CommandLineParser] HasArgs: True
[2022-06-10 13:49:22Z INFO CommandLineParser] Adding option 'url': 'https://github.com/pedro-carrasco/4.2.Integracion-y-entrega-continua-ejem-1'
[2022-06-10 13:49:22Z INFO CommandLineParser] parsing argument
[2022-06-10 13:49:22Z INFO CommandLineParser] HasArgs: True
[2022-06-10 13:49:22Z INFO CommandLineParser] arg: token
[2022-06-10 13:49:22Z INFO CommandLineParser] parsing argument
[2022-06-10 13:49:22Z INFO CommandLineParser] HasArgs: True
[2022-06-10 13:49:22Z INFO CommandLineParser] Adding option 'token': '***'
[2022-06-10 13:49:22Z INFO Listener] Arguments parsed
[2022-06-10 13:49:22Z INFO Runner] ExecuteCommand
[2022-06-10 13:49:22Z INFO ConfigurationStore] currentAssemblyLocation: /Users/pedro/Documents/MasterURJC/Mod10/4.2.Integracion-y-entrega-continua-ejem-1/actions-runner/bin/Runner.Listener.dll
[2022-06-10 13:49:22Z INFO HostContext] Well known directory 'Bin': '/Users/pedro/Documents/MasterURJC/Mod10/4.2.Integracion-y-entrega-continua-ejem-1/actions-runner/bin'
[2022-06-10 13:49:22Z INFO ConfigurationStore] binPath: /Users/pedro/Documents/MasterURJC/Mod10/4.2.Integracion-y-entrega-continua-ejem-1/actions-runner/bin
[2022-06-10 13:49:22Z INFO HostContext] Well known directory 'Bin': '/Users/pedro/Documents/MasterURJC/Mod10/4.2.Integracion-y-entrega-continua-ejem-1/actions-runner/bin'
[2022-06-10 13:49:22Z INFO HostContext] Well known directory 'Root': '/Users/pedro/Documents/MasterURJC/Mod10/4.2.Integracion-y-entrega-continua-ejem-1/actions-runner'
[2022-06-10 13:49:22Z INFO ConfigurationStore] RootFolder: /Users/pedro/Documents/MasterURJC/Mod10/4.2.Integracion-y-entrega-continua-ejem-1/actions-runner
[2022-06-10 13:49:22Z INFO HostContext] Well known directory 'Bin': '/Users/pedro/Documents/MasterURJC/Mod10/4.2.Integracion-y-entrega-continua-ejem-1/actions-runner/bin'
[2022-06-10 13:49:22Z INFO HostContext] Well known directory 'Root': '/Users/pedro/Documents/MasterURJC/Mod10/4.2.Integracion-y-entrega-continua-ejem-1/actions-runner'
[2022-06-10 13:49:22Z INFO HostContext] Well known config file 'Runner': '/Users/pedro/Documents/MasterURJC/Mod10/4.2.Integracion-y-entrega-continua-ejem-1/actions-runner/.runner'
[2022-06-10 13:49:22Z INFO ConfigurationStore] ConfigFilePath: /Users/pedro/Documents/MasterURJC/Mod10/4.2.Integracion-y-entrega-continua-ejem-1/actions-runner/.runner
[2022-06-10 13:49:22Z INFO HostContext] Well known directory 'Bin': '/Users/pedro/Documents/MasterURJC/Mod10/4.2.Integracion-y-entrega-continua-ejem-1/actions-runner/bin'
[2022-06-10 13:49:22Z INFO HostContext] Well known directory 'Root': '/Users/pedro/Documents/MasterURJC/Mod10/4.2.Integracion-y-entrega-continua-ejem-1/actions-runner'
[2022-06-10 13:49:22Z INFO HostContext] Well known config file 'Credentials': '/Users/pedro/Documents/MasterURJC/Mod10/4.2.Integracion-y-entrega-continua-ejem-1/actions-runner/.credentials'
[2022-06-10 13:49:22Z INFO ConfigurationStore] CredFilePath: /Users/pedro/Documents/MasterURJC/Mod10/4.2.Integracion-y-entrega-continua-ejem-1/actions-runner/.credentials
[2022-06-10 13:49:22Z INFO HostContext] Well known directory 'Bin': '/Users/pedro/Documents/MasterURJC/Mod10/4.2.Integracion-y-entrega-continua-ejem-1/actions-runner/bin'
[2022-06-10 13:49:22Z INFO HostContext] Well known directory 'Root': '/Users/pedro/Documents/MasterURJC/Mod10/4.2.Integracion-y-entrega-continua-ejem-1/actions-runner'
[2022-06-10 13:49:22Z INFO HostContext] Well known config file 'MigratedCredentials': '/Users/pedro/Documents/MasterURJC/Mod10/4.2.Integracion-y-entrega-continua-ejem-1/actions-runner/.credentials_migrated'
[2022-06-10 13:49:22Z INFO ConfigurationStore] MigratedCredFilePath: /Users/pedro/Documents/MasterURJC/Mod10/4.2.Integracion-y-entrega-continua-ejem-1/actions-runner/.credentials_migrated
[2022-06-10 13:49:22Z INFO HostContext] Well known directory 'Bin': '/Users/pedro/Documents/MasterURJC/Mod10/4.2.Integracion-y-entrega-continua-ejem-1/actions-runner/bin'
[2022-06-10 13:49:22Z INFO HostContext] Well known directory 'Root': '/Users/pedro/Documents/MasterURJC/Mod10/4.2.Integracion-y-entrega-continua-ejem-1/actions-runner'
[2022-06-10 13:49:22Z INFO HostContext] Well known config file 'Service': '/Users/pedro/Documents/MasterURJC/Mod10/4.2.Integracion-y-entrega-continua-ejem-1/actions-runner/.service'
[2022-06-10 13:49:22Z INFO ConfigurationStore] ServiceConfigFilePath: /Users/pedro/Documents/MasterURJC/Mod10/4.2.Integracion-y-entrega-continua-ejem-1/actions-runner/.service
[2022-06-10 13:49:22Z INFO CommandSettings] Flag 'help': 'False'
[2022-06-10 13:49:22Z INFO CommandSettings] Flag 'version': 'False'
[2022-06-10 13:49:22Z INFO CommandSettings] Flag 'commit': 'False'
[2022-06-10 13:49:22Z INFO CommandSettings] Flag 'check': 'False'
[2022-06-10 13:49:22Z INFO CommandSettings] Command 'configure': 'True'
[2022-06-10 13:49:22Z INFO Terminal] WRITE LINE: 
[2022-06-10 13:49:22Z INFO Terminal] WRITE LINE: --------------------------------------------------------------------------------
[2022-06-10 13:49:22Z INFO Terminal] WRITE LINE: |        ____ _ _   _   _       _          _        _   _                      |
[2022-06-10 13:49:22Z INFO Terminal] WRITE LINE: |       / ___(_) |_| | | |_   _| |__      / \   ___| |_(_) ___  _ __  ___      |
[2022-06-10 13:49:22Z INFO Terminal] WRITE LINE: |      | |  _| | __| |_| | | | | '_ \    / _ \ / __| __| |/ _ \| '_ \/ __|     |
[2022-06-10 13:49:22Z INFO Terminal] WRITE LINE: |      | |_| | | |_|  _  | |_| | |_) |  / ___ \ (__| |_| | (_) | | | \__ \     |
[2022-06-10 13:49:22Z INFO Terminal] WRITE LINE: |       \____|_|\__|_| |_|\__,_|_.__/  /_/   \_\___|\__|_|\___/|_| |_|___/     |
[2022-06-10 13:49:22Z INFO Terminal] WRITE LINE: |                                                                              |
[2022-06-10 13:49:22Z INFO Terminal] WRITE: |                       
[2022-06-10 13:49:22Z INFO Terminal] WRITE: Self-hosted runner registration
[2022-06-10 13:49:22Z INFO Terminal] WRITE LINE:                         |
[2022-06-10 13:49:22Z INFO Terminal] WRITE LINE: |                                                                              |
[2022-06-10 13:49:22Z INFO Terminal] WRITE LINE: --------------------------------------------------------------------------------
[2022-06-10 13:49:22Z INFO ConfigurationManager] ConfigureAsync
[2022-06-10 13:49:22Z INFO ConfigurationStore] IsConfigured()
[2022-06-10 13:49:22Z INFO ConfigurationStore] IsConfigured: False
[2022-06-10 13:49:22Z INFO ConfigurationManager] Is configured: False
[2022-06-10 13:49:22Z INFO CommandSettings] Arg 'url': 'https://github.com/pedro-carrasco/4.2.Integracion-y-entrega-continua-ejem-1'
[2022-06-10 13:49:22Z INFO CommandSettings] Remove url from Arg dictionary.
[2022-06-10 13:49:22Z INFO CommandSettings] Arg 'token': '***'
[2022-06-10 13:49:22Z INFO CommandSettings] Remove token from Arg dictionary.
[2022-06-10 13:49:23Z INFO ConfigurationManager] Http response code: OK from 'POST https://api.github.com/actions/runner-registration'
[2022-06-10 13:49:23Z INFO ConfigurationManager] cred retrieved via GitHub auth
[2022-06-10 13:49:23Z INFO RunnerServer] Establish connection with 100 seconds timeout.
[2022-06-10 13:49:23Z INFO GitHubActionsService] Starting operation Location.GetConnectionData
[2022-06-10 13:49:23Z INFO RunnerServer] Establish connection with 60 seconds timeout.
[2022-06-10 13:49:23Z INFO GitHubActionsService] Starting operation Location.GetConnectionData
[2022-06-10 13:49:23Z INFO RunnerServer] Establish connection with 60 seconds timeout.
[2022-06-10 13:49:23Z INFO GitHubActionsService] Starting operation Location.GetConnectionData
[2022-06-10 13:49:23Z INFO GitHubActionsService] Finished operation Location.GetConnectionData
[2022-06-10 13:49:23Z INFO GitHubActionsService] Finished operation Location.GetConnectionData
[2022-06-10 13:49:23Z INFO GitHubActionsService] Finished operation Location.GetConnectionData
[2022-06-10 13:49:23Z INFO Terminal] WRITE LINE: 
[2022-06-10 13:49:23Z INFO ConfigurationManager] Test Connection complete.
[2022-06-10 13:49:23Z INFO HostContext] Well known directory 'Bin': '/Users/pedro/Documents/MasterURJC/Mod10/4.2.Integracion-y-entrega-continua-ejem-1/actions-runner/bin'
[2022-06-10 13:49:23Z INFO HostContext] Well known directory 'Root': '/Users/pedro/Documents/MasterURJC/Mod10/4.2.Integracion-y-entrega-continua-ejem-1/actions-runner'
[2022-06-10 13:49:23Z INFO HostContext] Well known config file 'RSACredentials': '/Users/pedro/Documents/MasterURJC/Mod10/4.2.Integracion-y-entrega-continua-ejem-1/actions-runner/.credentials_rsaparams'
[2022-06-10 13:49:23Z INFO RSAFileKeyManager] Found existing RSA key parameters file /Users/pedro/Documents/MasterURJC/Mod10/4.2.Integracion-y-entrega-continua-ejem-1/actions-runner/.credentials_rsaparams
[2022-06-10 13:49:24Z INFO CommandSettings] Arg 'runnergroup': ''
[2022-06-10 13:49:24Z INFO CommandSettings] Flag 'unattended': 'False'
[2022-06-10 13:49:24Z INFO PromptManager] ReadValue
[2022-06-10 13:49:24Z INFO Terminal] WRITE: Enter the name of the runner group to add this runner to: 
[2022-06-10 13:49:24Z INFO Terminal] WRITE: [press Enter for Default] 
[2022-06-10 13:49:24Z INFO Terminal] READ LINE
[2022-06-10 13:49:24Z INFO Terminal] Read value: ''
[2022-06-10 13:49:24Z INFO PromptManager] Falling back to the default: 'Default'
[2022-06-10 13:49:24Z INFO Terminal] WRITE LINE: 
[2022-06-10 13:49:24Z INFO ConfigurationManager] Found a self-hosted runner group with id 1 and name Default
[2022-06-10 13:49:24Z INFO CommandSettings] Flag 'disableupdate': 'False'
[2022-06-10 13:49:24Z INFO CommandSettings] Flag 'ephemeral': 'False'
[2022-06-10 13:49:24Z INFO CommandSettings] Arg 'name': ''
[2022-06-10 13:49:24Z INFO CommandSettings] Flag 'unattended': 'False'
[2022-06-10 13:49:24Z INFO PromptManager] ReadValue
[2022-06-10 13:49:24Z INFO Terminal] WRITE: Enter the name of runner: 
[2022-06-10 13:49:24Z INFO Terminal] WRITE: [press Enter for Pedros-MacBook-Pro] 
[2022-06-10 13:49:24Z INFO Terminal] READ LINE
[2022-06-10 13:49:31Z INFO Terminal] Read value: 'mca'
[2022-06-10 13:49:31Z INFO Terminal] WRITE LINE: 
[2022-06-10 13:49:31Z INFO CommandSettings] Arg 'labels': ''
[2022-06-10 13:49:31Z INFO CommandSettings] Flag 'unattended': 'False'
[2022-06-10 13:49:31Z INFO PromptManager] ReadValue
[2022-06-10 13:49:31Z INFO Terminal] WRITE: This runner will have the following labels: 'self-hosted', 'macOS', 'ARM64' 
Enter any additional labels (ex. label-1,label-2): 
[2022-06-10 13:49:31Z INFO Terminal] WRITE: [press Enter to skip] 
[2022-06-10 13:49:31Z INFO Terminal] READ LINE
[2022-06-10 13:49:40Z INFO Terminal] Read value: 'pedro'
[2022-06-10 13:49:40Z INFO Terminal] WRITE LINE: 
[2022-06-10 13:49:40Z INFO CommandSettings] Flag 'disableupdate': 'False'
[2022-06-10 13:49:40Z INFO CommandSettings] Flag 'disableupdate': 'False'
[2022-06-10 13:49:40Z INFO CommandSettings] Flag 'ephemeral': 'False'
[2022-06-10 13:49:40Z INFO ConfigurationStore] Saving OAuth credential @ /Users/pedro/Documents/MasterURJC/Mod10/4.2.Integracion-y-entrega-continua-ejem-1/actions-runner/.credentials
[2022-06-10 13:49:40Z INFO ConfigurationStore] Credentials Saved.
[2022-06-10 13:49:40Z INFO ConfigurationStore] HasCredentials()
[2022-06-10 13:49:40Z INFO ConfigurationStore] stored True
[2022-06-10 13:49:40Z INFO CredentialManager] GetCredentialProvider
[2022-06-10 13:49:40Z INFO CredentialManager] Creating type OAuth
[2022-06-10 13:49:40Z INFO CredentialManager] Creating credential type: OAuth
[2022-06-10 13:49:40Z INFO RSAFileKeyManager] Loading RSA key parameters from file /Users/pedro/Documents/MasterURJC/Mod10/4.2.Integracion-y-entrega-continua-ejem-1/actions-runner/.credentials_rsaparams
[2022-06-10 13:49:40Z INFO RunnerServer] Establish connection with 100 seconds timeout.
[2022-06-10 13:49:40Z INFO GitHubActionsService] Starting operation Location.GetConnectionData
[2022-06-10 13:49:40Z INFO RunnerServer] Establish connection with 60 seconds timeout.
[2022-06-10 13:49:40Z INFO GitHubActionsService] Starting operation Location.GetConnectionData
[2022-06-10 13:49:40Z INFO RunnerServer] Establish connection with 60 seconds timeout.
[2022-06-10 13:49:40Z INFO GitHubActionsService] Starting operation Location.GetConnectionData
[2022-06-10 13:49:40Z INFO GitHubActionsService] Finished operation Location.GetConnectionData
[2022-06-10 13:49:40Z INFO GitHubActionsService] Finished operation Location.GetConnectionData
[2022-06-10 13:49:40Z INFO GitHubActionsService] Finished operation Location.GetConnectionData
[2022-06-10 13:49:41Z WARN GitHubActionsService] Authentication failed with status code 401.
Transfer-Encoding: chunked
WWW-Authenticate: Bearer
Strict-Transport-Security: max-age=2592000
X-TFS-ProcessId: fe73c0aa-67d5-46b6-8ba8-ae25bf441a26
ActivityId: ad82a77b-f68c-48ef-8da5-ce05b2e1dfae
X-TFS-Session: c8783bb4-725b-4842-8478-94d5c9ceb0a4
X-VSS-E2EID: b69f5a8e-d958-476d-8909-38dba59cff57
X-VSS-SenderDeploymentId: fc1cfc90-fc40-edcb-6d0f-3b1380ee7b68
X-TFS-ServiceError: The+user+%27System%3aPublicAccess%3baaaaaaaa-aaaa-aaaa-aaaa-aaaaaaaaaaaa%27+is+not+authorized+to+access+this+resource.
X-VSS-S2STargetService: 0000005A-0000-8888-8000-000000000000/visualstudio.com
X-Cache: CONFIG_NOCACHE
X-MSEdge-Ref: Ref A: 46BE70FA6F114360B3D17BE6076B8953 Ref B: BCN30EDGE0722 Ref C: 2022-06-10T13:49:41Z
Date: Fri, 10 Jun 2022 13:49:40 GMT

[2022-06-10 13:49:41Z INFO RSAFileKeyManager] Loading RSA key parameters from file /Users/pedro/Documents/MasterURJC/Mod10/4.2.Integracion-y-entrega-continua-ejem-1/actions-runner/.credentials_rsaparams
[2022-06-10 13:49:41Z INFO RSAFileKeyManager] Loading RSA key parameters from file /Users/pedro/Documents/MasterURJC/Mod10/4.2.Integracion-y-entrega-continua-ejem-1/actions-runner/.credentials_rsaparams
[2022-06-10 13:49:41Z INFO GitHubActionsService] AAD Correlation ID for this token request: Unknown
[2022-06-10 13:49:41Z INFO CommandSettings] Arg 'work': ''
[2022-06-10 13:49:41Z INFO CommandSettings] Flag 'unattended': 'False'
[2022-06-10 13:49:41Z INFO PromptManager] ReadValue
[2022-06-10 13:49:41Z INFO Terminal] WRITE: Enter name of work folder: 
[2022-06-10 13:49:41Z INFO Terminal] WRITE: [press Enter for _work] 
[2022-06-10 13:49:41Z INFO Terminal] READ LINE
[2022-06-10 13:50:28Z INFO Terminal] Read value: ''
[2022-06-10 13:50:28Z INFO PromptManager] Falling back to the default: '_work'
[2022-06-10 13:50:28Z INFO ConfigurationStore] Saving runner settings.
[2022-06-10 13:50:28Z INFO ConfigurationStore] Settings Saved.
[2022-06-10 13:50:28Z INFO Terminal] WRITE LINE: 
[2022-06-10 13:50:28Z INFO Terminal] WRITE LINE: 
[2022-06-10 13:50:28Z INFO OsxServiceControlManager] Service name 'actions.runner.pedro-carrasco-4.2.Integracion-y-entrega-continua-ejem-1.mca' display name 'GitHub Actions Runner (pedro-carrasco-4.2.Integracion-y-entrega-continua-ejem-1.mca)' will be used for service configuration.
[2022-06-10 13:50:28Z INFO HostContext] Well known directory 'Bin': '/Users/pedro/Documents/MasterURJC/Mod10/4.2.Integracion-y-entrega-continua-ejem-1/actions-runner/bin'
[2022-06-10 13:50:28Z INFO HostContext] Well known directory 'Root': '/Users/pedro/Documents/MasterURJC/Mod10/4.2.Integracion-y-entrega-continua-ejem-1/actions-runner'
[2022-06-10 13:50:28Z INFO HostContext] Well known directory 'Bin': '/Users/pedro/Documents/MasterURJC/Mod10/4.2.Integracion-y-entrega-continua-ejem-1/actions-runner/bin'
[2022-06-10 13:50:28Z INFO HostContext] Well known directory 'Bin': '/Users/pedro/Documents/MasterURJC/Mod10/4.2.Integracion-y-entrega-continua-ejem-1/actions-runner/bin'
[2022-06-10 13:50:28Z INFO HostContext] Well known directory 'Root': '/Users/pedro/Documents/MasterURJC/Mod10/4.2.Integracion-y-entrega-continua-ejem-1/actions-runner'
[2022-06-10 13:50:28Z INFO UnixUtil] Which: 'chmod'
[2022-06-10 13:50:28Z INFO UnixUtil] Location: '/bin/chmod'
[2022-06-10 13:50:28Z INFO UnixUtil] Running /bin/chmod 755 "/Users/pedro/Documents/MasterURJC/Mod10/4.2.Integracion-y-entrega-continua-ejem-1/actions-runner/svc.sh"
[2022-06-10 13:50:28Z INFO ProcessInvokerWrapper] Starting process:
[2022-06-10 13:50:28Z INFO ProcessInvokerWrapper]   File name: '/bin/chmod'
[2022-06-10 13:50:28Z INFO ProcessInvokerWrapper]   Arguments: '755 "/Users/pedro/Documents/MasterURJC/Mod10/4.2.Integracion-y-entrega-continua-ejem-1/actions-runner/svc.sh"'
[2022-06-10 13:50:28Z INFO ProcessInvokerWrapper]   Working directory: '/Users/pedro/Documents/MasterURJC/Mod10/4.2.Integracion-y-entrega-continua-ejem-1/actions-runner'
[2022-06-10 13:50:28Z INFO ProcessInvokerWrapper]   Require exit code zero: 'True'
[2022-06-10 13:50:28Z INFO ProcessInvokerWrapper]   Encoding web name:  ; code page: ''
[2022-06-10 13:50:28Z INFO ProcessInvokerWrapper]   Force kill process on cancellation: 'False'
[2022-06-10 13:50:28Z INFO ProcessInvokerWrapper]   Redirected STDIN: 'False'
[2022-06-10 13:50:28Z INFO ProcessInvokerWrapper]   Persist current code page: 'False'
[2022-06-10 13:50:28Z INFO ProcessInvokerWrapper]   Keep redirected STDIN open: 'False'
[2022-06-10 13:50:28Z INFO ProcessInvokerWrapper]   High priority process: 'False'
[2022-06-10 13:50:28Z INFO ProcessInvokerWrapper] Process started with process id 54792, waiting for process exit.
[2022-06-10 13:50:28Z INFO ProcessInvokerWrapper] STDOUT/STDERR stream read finished.
[2022-06-10 13:50:28Z INFO ProcessInvokerWrapper] STDOUT/STDERR stream read finished.
[2022-06-10 13:50:28Z INFO ProcessInvokerWrapper] Finished process 54792 with exit code 0, and elapsed time 00:00:00.0413741.
[2022-06-10 13:50:28Z INFO Listener] Runner execution has finished with return code 0
