[2022-06-10 13:50:38Z INFO HostContext] No proxy settings were found based on environmental variables (http_proxy/https_proxy/HTTP_PROXY/HTTPS_PROXY)
[2022-06-10 13:50:38Z INFO HostContext] Well known directory 'Bin': '/Users/pedro/Documents/MasterURJC/Mod10/4.2.Integracion-y-entrega-continua-ejem-1/actions-runner/bin'
[2022-06-10 13:50:38Z INFO HostContext] Well known directory 'Root': '/Users/pedro/Documents/MasterURJC/Mod10/4.2.Integracion-y-entrega-continua-ejem-1/actions-runner'
[2022-06-10 13:50:38Z INFO HostContext] Well known config file 'Credentials': '/Users/pedro/Documents/MasterURJC/Mod10/4.2.Integracion-y-entrega-continua-ejem-1/actions-runner/.credentials'
[2022-06-10 13:50:38Z INFO HostContext] Well known directory 'Bin': '/Users/pedro/Documents/MasterURJC/Mod10/4.2.Integracion-y-entrega-continua-ejem-1/actions-runner/bin'
[2022-06-10 13:50:38Z INFO HostContext] Well known directory 'Root': '/Users/pedro/Documents/MasterURJC/Mod10/4.2.Integracion-y-entrega-continua-ejem-1/actions-runner'
[2022-06-10 13:50:38Z INFO HostContext] Well known config file 'Runner': '/Users/pedro/Documents/MasterURJC/Mod10/4.2.Integracion-y-entrega-continua-ejem-1/actions-runner/.runner'
[2022-06-10 13:50:38Z INFO Listener] Runner is built for OSX (Arm64) - osx-arm64.
[2022-06-10 13:50:38Z INFO Listener] RuntimeInformation: Darwin 21.5.0 Darwin Kernel Version 21.5.0: Tue Apr 26 21:08:37 PDT 2022; root:xnu-8020.121.3~4/RELEASE_ARM64_T6000.
[2022-06-10 13:50:38Z INFO Listener] Version: 2.292.0
[2022-06-10 13:50:38Z INFO Listener] Commit: d4b794dd645e16990ae0530bf977e26ab24be9d9
[2022-06-10 13:50:38Z INFO Listener] Culture: 
[2022-06-10 13:50:38Z INFO Listener] UI Culture: 
[2022-06-10 13:50:38Z INFO HostContext] Well known directory 'Bin': '/Users/pedro/Documents/MasterURJC/Mod10/4.2.Integracion-y-entrega-continua-ejem-1/actions-runner/bin'
[2022-06-10 13:50:38Z INFO HostContext] Well known directory 'Root': '/Users/pedro/Documents/MasterURJC/Mod10/4.2.Integracion-y-entrega-continua-ejem-1/actions-runner'
[2022-06-10 13:50:38Z INFO Listener] Validating directory permissions for: '/Users/pedro/Documents/MasterURJC/Mod10/4.2.Integracion-y-entrega-continua-ejem-1/actions-runner'
[2022-06-10 13:50:38Z INFO CommandLineParser] Parse
[2022-06-10 13:50:38Z INFO CommandLineParser] Parsing 1 args
[2022-06-10 13:50:38Z INFO CommandLineParser] parsing argument
[2022-06-10 13:50:38Z INFO CommandLineParser] HasArgs: False
[2022-06-10 13:50:38Z INFO CommandLineParser] Adding Command: run
[2022-06-10 13:50:38Z INFO Listener] Arguments parsed
[2022-06-10 13:50:38Z INFO Runner] ExecuteCommand
[2022-06-10 13:50:38Z INFO ConfigurationStore] currentAssemblyLocation: /Users/pedro/Documents/MasterURJC/Mod10/4.2.Integracion-y-entrega-continua-ejem-1/actions-runner/bin/Runner.Listener.dll
[2022-06-10 13:50:38Z INFO HostContext] Well known directory 'Bin': '/Users/pedro/Documents/MasterURJC/Mod10/4.2.Integracion-y-entrega-continua-ejem-1/actions-runner/bin'
[2022-06-10 13:50:38Z INFO ConfigurationStore] binPath: /Users/pedro/Documents/MasterURJC/Mod10/4.2.Integracion-y-entrega-continua-ejem-1/actions-runner/bin
[2022-06-10 13:50:38Z INFO HostContext] Well known directory 'Bin': '/Users/pedro/Documents/MasterURJC/Mod10/4.2.Integracion-y-entrega-continua-ejem-1/actions-runner/bin'
[2022-06-10 13:50:38Z INFO HostContext] Well known directory 'Root': '/Users/pedro/Documents/MasterURJC/Mod10/4.2.Integracion-y-entrega-continua-ejem-1/actions-runner'
[2022-06-10 13:50:38Z INFO ConfigurationStore] RootFolder: /Users/pedro/Documents/MasterURJC/Mod10/4.2.Integracion-y-entrega-continua-ejem-1/actions-runner
[2022-06-10 13:50:38Z INFO HostContext] Well known directory 'Bin': '/Users/pedro/Documents/MasterURJC/Mod10/4.2.Integracion-y-entrega-continua-ejem-1/actions-runner/bin'
[2022-06-10 13:50:38Z INFO HostContext] Well known directory 'Root': '/Users/pedro/Documents/MasterURJC/Mod10/4.2.Integracion-y-entrega-continua-ejem-1/actions-runner'
[2022-06-10 13:50:38Z INFO HostContext] Well known config file 'Runner': '/Users/pedro/Documents/MasterURJC/Mod10/4.2.Integracion-y-entrega-continua-ejem-1/actions-runner/.runner'
[2022-06-10 13:50:38Z INFO ConfigurationStore] ConfigFilePath: /Users/pedro/Documents/MasterURJC/Mod10/4.2.Integracion-y-entrega-continua-ejem-1/actions-runner/.runner
[2022-06-10 13:50:38Z INFO HostContext] Well known directory 'Bin': '/Users/pedro/Documents/MasterURJC/Mod10/4.2.Integracion-y-entrega-continua-ejem-1/actions-runner/bin'
[2022-06-10 13:50:38Z INFO HostContext] Well known directory 'Root': '/Users/pedro/Documents/MasterURJC/Mod10/4.2.Integracion-y-entrega-continua-ejem-1/actions-runner'
[2022-06-10 13:50:38Z INFO HostContext] Well known config file 'Credentials': '/Users/pedro/Documents/MasterURJC/Mod10/4.2.Integracion-y-entrega-continua-ejem-1/actions-runner/.credentials'
[2022-06-10 13:50:38Z INFO ConfigurationStore] CredFilePath: /Users/pedro/Documents/MasterURJC/Mod10/4.2.Integracion-y-entrega-continua-ejem-1/actions-runner/.credentials
[2022-06-10 13:50:38Z INFO HostContext] Well known directory 'Bin': '/Users/pedro/Documents/MasterURJC/Mod10/4.2.Integracion-y-entrega-continua-ejem-1/actions-runner/bin'
[2022-06-10 13:50:38Z INFO HostContext] Well known directory 'Root': '/Users/pedro/Documents/MasterURJC/Mod10/4.2.Integracion-y-entrega-continua-ejem-1/actions-runner'
[2022-06-10 13:50:38Z INFO HostContext] Well known config file 'MigratedCredentials': '/Users/pedro/Documents/MasterURJC/Mod10/4.2.Integracion-y-entrega-continua-ejem-1/actions-runner/.credentials_migrated'
[2022-06-10 13:50:38Z INFO ConfigurationStore] MigratedCredFilePath: /Users/pedro/Documents/MasterURJC/Mod10/4.2.Integracion-y-entrega-continua-ejem-1/actions-runner/.credentials_migrated
[2022-06-10 13:50:38Z INFO HostContext] Well known directory 'Bin': '/Users/pedro/Documents/MasterURJC/Mod10/4.2.Integracion-y-entrega-continua-ejem-1/actions-runner/bin'
[2022-06-10 13:50:38Z INFO HostContext] Well known directory 'Root': '/Users/pedro/Documents/MasterURJC/Mod10/4.2.Integracion-y-entrega-continua-ejem-1/actions-runner'
[2022-06-10 13:50:38Z INFO HostContext] Well known config file 'Service': '/Users/pedro/Documents/MasterURJC/Mod10/4.2.Integracion-y-entrega-continua-ejem-1/actions-runner/.service'
[2022-06-10 13:50:38Z INFO ConfigurationStore] ServiceConfigFilePath: /Users/pedro/Documents/MasterURJC/Mod10/4.2.Integracion-y-entrega-continua-ejem-1/actions-runner/.service
[2022-06-10 13:50:38Z INFO CommandSettings] Flag 'help': 'False'
[2022-06-10 13:50:38Z INFO CommandSettings] Flag 'version': 'False'
[2022-06-10 13:50:38Z INFO CommandSettings] Flag 'commit': 'False'
[2022-06-10 13:50:38Z INFO CommandSettings] Flag 'check': 'False'
[2022-06-10 13:50:38Z INFO CommandSettings] Command 'configure': 'False'
[2022-06-10 13:50:38Z INFO CommandSettings] Command 'remove': 'False'
[2022-06-10 13:50:38Z INFO CommandSettings] Command 'warmup': 'False'
[2022-06-10 13:50:38Z INFO ConfigurationManager] LoadSettings
[2022-06-10 13:50:38Z INFO ConfigurationStore] IsConfigured()
[2022-06-10 13:50:38Z INFO ConfigurationStore] IsConfigured: True
[2022-06-10 13:50:38Z INFO ConfigurationManager] Is configured: True
[2022-06-10 13:50:38Z INFO ConfigurationStore] Read setting file: 317 chars
[2022-06-10 13:50:38Z INFO ConfigurationManager] Settings Loaded
[2022-06-10 13:50:38Z INFO ConfigurationStore] IsServiceConfigured()
[2022-06-10 13:50:38Z INFO ConfigurationStore] IsServiceConfigured: False
[2022-06-10 13:50:38Z INFO CommandSettings] Command 'run': 'True'
[2022-06-10 13:50:38Z INFO ConfigurationStore] IsConfigured()
[2022-06-10 13:50:38Z INFO ConfigurationStore] IsConfigured: True
[2022-06-10 13:50:38Z INFO ConfigurationManager] Is configured: True
[2022-06-10 13:50:38Z INFO Runner] Could not parse the argument value '' for StartupType. Defaulting to Manual
[2022-06-10 13:50:38Z INFO Runner] Set runner startup type - Manual
[2022-06-10 13:50:38Z INFO CommandSettings] Flag 'once': 'False'
[2022-06-10 13:50:38Z INFO CommandSettings] Flag 'once': 'False'
[2022-06-10 13:50:38Z INFO Runner] RunAsync
[2022-06-10 13:50:38Z INFO ConfigurationManager] LoadSettings
[2022-06-10 13:50:38Z INFO ConfigurationStore] IsConfigured()
[2022-06-10 13:50:38Z INFO ConfigurationStore] IsConfigured: True
[2022-06-10 13:50:38Z INFO ConfigurationManager] Is configured: True
[2022-06-10 13:50:38Z INFO ConfigurationManager] Settings Loaded
[2022-06-10 13:50:38Z INFO MessageListener] {
  "AgentId": 21,
  "AgentName": "mca",
  "PoolId": 1,
  "PoolName": "Default",
  "ServerUrl": "https://pipelines.actions.githubusercontent.com/5JaCWkj2R21lCeDXa9MoXPFsZfhfBSvLxMCHCcUT8aSsWHrxSH",
  "GitHubUrl": "https://github.com/pedro-carrasco/4.2.Integracion-y-entrega-continua-ejem-1",
  "WorkFolder": "_work"
}
[2022-06-10 13:50:38Z INFO MessageListener] Loading Credentials
[2022-06-10 13:50:38Z INFO ConfigurationStore] HasCredentials()
[2022-06-10 13:50:38Z INFO ConfigurationStore] stored True
[2022-06-10 13:50:38Z INFO CredentialManager] GetCredentialProvider
[2022-06-10 13:50:38Z INFO CredentialManager] Creating type OAuth
[2022-06-10 13:50:38Z INFO CredentialManager] Creating credential type: OAuth
[2022-06-10 13:50:38Z INFO HostContext] Well known directory 'Bin': '/Users/pedro/Documents/MasterURJC/Mod10/4.2.Integracion-y-entrega-continua-ejem-1/actions-runner/bin'
[2022-06-10 13:50:38Z INFO HostContext] Well known directory 'Root': '/Users/pedro/Documents/MasterURJC/Mod10/4.2.Integracion-y-entrega-continua-ejem-1/actions-runner'
[2022-06-10 13:50:38Z INFO HostContext] Well known config file 'RSACredentials': '/Users/pedro/Documents/MasterURJC/Mod10/4.2.Integracion-y-entrega-continua-ejem-1/actions-runner/.credentials_rsaparams'
[2022-06-10 13:50:38Z INFO RSAFileKeyManager] Loading RSA key parameters from file /Users/pedro/Documents/MasterURJC/Mod10/4.2.Integracion-y-entrega-continua-ejem-1/actions-runner/.credentials_rsaparams
[2022-06-10 13:50:38Z INFO MessageListener] Attempt to create session.
[2022-06-10 13:50:38Z INFO MessageListener] Connecting to the Runner Server...
[2022-06-10 13:50:38Z INFO RunnerServer] Establish connection with 100 seconds timeout.
[2022-06-10 13:50:38Z INFO GitHubActionsService] Starting operation Location.GetConnectionData
[2022-06-10 13:50:38Z INFO RunnerServer] Establish connection with 60 seconds timeout.
[2022-06-10 13:50:38Z INFO GitHubActionsService] Starting operation Location.GetConnectionData
[2022-06-10 13:50:38Z INFO RunnerServer] Establish connection with 60 seconds timeout.
[2022-06-10 13:50:38Z INFO GitHubActionsService] Starting operation Location.GetConnectionData
[2022-06-10 13:50:38Z INFO GitHubActionsService] Finished operation Location.GetConnectionData
[2022-06-10 13:50:38Z INFO GitHubActionsService] Finished operation Location.GetConnectionData
[2022-06-10 13:50:38Z INFO GitHubActionsService] Finished operation Location.GetConnectionData
[2022-06-10 13:50:38Z INFO MessageListener] VssConnection created
[2022-06-10 13:50:38Z INFO Terminal] WRITE LINE: 
[2022-06-10 13:50:38Z INFO Terminal] WRITE LINE: 
[2022-06-10 13:50:38Z WARN GitHubActionsService] Authentication failed with status code 401.
Transfer-Encoding: chunked
WWW-Authenticate: Bearer
Strict-Transport-Security: max-age=2592000
X-TFS-ProcessId: fe73c0aa-67d5-46b6-8ba8-ae25bf441a26
ActivityId: ad82f4dc-f68c-48ef-8da5-ce05b2e1dfae
X-TFS-Session: 08601da7-2013-4b36-bef3-e0549b8a03a6
X-VSS-E2EID: f73897bd-2d22-464f-92f0-e9182e53ae5d
X-VSS-SenderDeploymentId: fc1cfc90-fc40-edcb-6d0f-3b1380ee7b68
X-TFS-ServiceError: The+user+%27System%3aPublicAccess%3baaaaaaaa-aaaa-aaaa-aaaa-aaaaaaaaaaaa%27+is+not+authorized+to+access+this+resource.
X-VSS-S2STargetService: 0000005A-0000-8888-8000-000000000000/visualstudio.com
X-Cache: CONFIG_NOCACHE
X-MSEdge-Ref: Ref A: 10D2E38CA34043699E85F3C041254684 Ref B: BCN30EDGE0613 Ref C: 2022-06-10T13:50:38Z
Date: Fri, 10 Jun 2022 13:50:38 GMT

[2022-06-10 13:50:39Z INFO RSAFileKeyManager] Loading RSA key parameters from file /Users/pedro/Documents/MasterURJC/Mod10/4.2.Integracion-y-entrega-continua-ejem-1/actions-runner/.credentials_rsaparams
[2022-06-10 13:50:39Z INFO RSAFileKeyManager] Loading RSA key parameters from file /Users/pedro/Documents/MasterURJC/Mod10/4.2.Integracion-y-entrega-continua-ejem-1/actions-runner/.credentials_rsaparams
[2022-06-10 13:50:39Z INFO GitHubActionsService] AAD Correlation ID for this token request: Unknown
[2022-06-10 13:50:39Z INFO MessageListener] Session created.
[2022-06-10 13:50:39Z INFO Terminal] WRITE LINE: Current runner version: '2.292.0'
[2022-06-10 13:50:39Z INFO Terminal] WRITE LINE: 2022-06-10 13:50:39Z: Listening for Jobs
[2022-06-10 13:50:39Z INFO JobDispatcher] Set runner/worker IPC timeout to 30 seconds.
