[2022-06-10 13:47:48Z INFO HostContext] No proxy settings were found based on environmental variables (http_proxy/https_proxy/HTTP_PROXY/HTTPS_PROXY)
[2022-06-10 13:47:48Z INFO HostContext] Well known directory 'Bin': '/Users/pedro/Documents/MasterURJC/Mod10/4.2.Integracion-y-entrega-continua-ejem-1/actions-runner/bin'
[2022-06-10 13:47:48Z INFO HostContext] Well known directory 'Root': '/Users/pedro/Documents/MasterURJC/Mod10/4.2.Integracion-y-entrega-continua-ejem-1/actions-runner'
[2022-06-10 13:47:48Z INFO HostContext] Well known config file 'Credentials': '/Users/pedro/Documents/MasterURJC/Mod10/4.2.Integracion-y-entrega-continua-ejem-1/actions-runner/.credentials'
[2022-06-10 13:47:48Z INFO HostContext] Well known directory 'Bin': '/Users/pedro/Documents/MasterURJC/Mod10/4.2.Integracion-y-entrega-continua-ejem-1/actions-runner/bin'
[2022-06-10 13:47:48Z INFO HostContext] Well known directory 'Root': '/Users/pedro/Documents/MasterURJC/Mod10/4.2.Integracion-y-entrega-continua-ejem-1/actions-runner'
[2022-06-10 13:47:48Z INFO HostContext] Well known config file 'Runner': '/Users/pedro/Documents/MasterURJC/Mod10/4.2.Integracion-y-entrega-continua-ejem-1/actions-runner/.runner'
[2022-06-10 13:47:48Z INFO Listener] Runner is built for OSX (Arm64) - osx-arm64.
[2022-06-10 13:47:48Z INFO Listener] RuntimeInformation: Darwin 21.5.0 Darwin Kernel Version 21.5.0: Tue Apr 26 21:08:37 PDT 2022; root:xnu-8020.121.3~4/RELEASE_ARM64_T6000.
[2022-06-10 13:47:48Z INFO Listener] Version: 2.292.0
[2022-06-10 13:47:48Z INFO Listener] Commit: d4b794dd645e16990ae0530bf977e26ab24be9d9
[2022-06-10 13:47:48Z INFO Listener] Culture: 
[2022-06-10 13:47:48Z INFO Listener] UI Culture: 
[2022-06-10 13:47:48Z INFO HostContext] Well known directory 'Bin': '/Users/pedro/Documents/MasterURJC/Mod10/4.2.Integracion-y-entrega-continua-ejem-1/actions-runner/bin'
[2022-06-10 13:47:48Z INFO HostContext] Well known directory 'Root': '/Users/pedro/Documents/MasterURJC/Mod10/4.2.Integracion-y-entrega-continua-ejem-1/actions-runner'
[2022-06-10 13:47:48Z INFO Listener] Validating directory permissions for: '/Users/pedro/Documents/MasterURJC/Mod10/4.2.Integracion-y-entrega-continua-ejem-1/actions-runner'
[2022-06-10 13:47:48Z INFO CommandLineParser] Parse
[2022-06-10 13:47:48Z INFO CommandLineParser] Parsing 5 args
[2022-06-10 13:47:48Z INFO CommandLineParser] parsing argument
[2022-06-10 13:47:48Z INFO CommandLineParser] HasArgs: False
[2022-06-10 13:47:48Z INFO CommandLineParser] Adding Command: configure
[2022-06-10 13:47:48Z INFO CommandLineParser] parsing argument
[2022-06-10 13:47:48Z INFO CommandLineParser] HasArgs: True
[2022-06-10 13:47:48Z INFO CommandLineParser] arg: url
[2022-06-10 13:47:48Z INFO CommandLineParser] parsing argument
[2022-06-10 13:47:48Z INFO CommandLineParser] HasArgs: True
[2022-06-10 13:47:48Z INFO CommandLineParser] Adding option 'url': 'https://github.com/pedro-carrasco/4.2.Integracion-y-entrega-continua-ejem-1'
[2022-06-10 13:47:48Z INFO CommandLineParser] parsing argument
[2022-06-10 13:47:48Z INFO CommandLineParser] HasArgs: True
[2022-06-10 13:47:48Z INFO CommandLineParser] arg: token
[2022-06-10 13:47:48Z INFO CommandLineParser] parsing argument
[2022-06-10 13:47:48Z INFO CommandLineParser] HasArgs: True
[2022-06-10 13:47:48Z INFO CommandLineParser] Adding option 'token': '***'
[2022-06-10 13:47:48Z INFO Listener] Arguments parsed
[2022-06-10 13:47:48Z INFO Runner] ExecuteCommand
[2022-06-10 13:47:48Z INFO ConfigurationStore] currentAssemblyLocation: /Users/pedro/Documents/MasterURJC/Mod10/4.2.Integracion-y-entrega-continua-ejem-1/actions-runner/bin/Runner.Listener.dll
[2022-06-10 13:47:48Z INFO HostContext] Well known directory 'Bin': '/Users/pedro/Documents/MasterURJC/Mod10/4.2.Integracion-y-entrega-continua-ejem-1/actions-runner/bin'
[2022-06-10 13:47:48Z INFO ConfigurationStore] binPath: /Users/pedro/Documents/MasterURJC/Mod10/4.2.Integracion-y-entrega-continua-ejem-1/actions-runner/bin
[2022-06-10 13:47:48Z INFO HostContext] Well known directory 'Bin': '/Users/pedro/Documents/MasterURJC/Mod10/4.2.Integracion-y-entrega-continua-ejem-1/actions-runner/bin'
[2022-06-10 13:47:48Z INFO HostContext] Well known directory 'Root': '/Users/pedro/Documents/MasterURJC/Mod10/4.2.Integracion-y-entrega-continua-ejem-1/actions-runner'
[2022-06-10 13:47:48Z INFO ConfigurationStore] RootFolder: /Users/pedro/Documents/MasterURJC/Mod10/4.2.Integracion-y-entrega-continua-ejem-1/actions-runner
[2022-06-10 13:47:48Z INFO HostContext] Well known directory 'Bin': '/Users/pedro/Documents/MasterURJC/Mod10/4.2.Integracion-y-entrega-continua-ejem-1/actions-runner/bin'
[2022-06-10 13:47:48Z INFO HostContext] Well known directory 'Root': '/Users/pedro/Documents/MasterURJC/Mod10/4.2.Integracion-y-entrega-continua-ejem-1/actions-runner'
[2022-06-10 13:47:48Z INFO HostContext] Well known config file 'Runner': '/Users/pedro/Documents/MasterURJC/Mod10/4.2.Integracion-y-entrega-continua-ejem-1/actions-runner/.runner'
[2022-06-10 13:47:48Z INFO ConfigurationStore] ConfigFilePath: /Users/pedro/Documents/MasterURJC/Mod10/4.2.Integracion-y-entrega-continua-ejem-1/actions-runner/.runner
[2022-06-10 13:47:48Z INFO HostContext] Well known directory 'Bin': '/Users/pedro/Documents/MasterURJC/Mod10/4.2.Integracion-y-entrega-continua-ejem-1/actions-runner/bin'
[2022-06-10 13:47:48Z INFO HostContext] Well known directory 'Root': '/Users/pedro/Documents/MasterURJC/Mod10/4.2.Integracion-y-entrega-continua-ejem-1/actions-runner'
[2022-06-10 13:47:48Z INFO HostContext] Well known config file 'Credentials': '/Users/pedro/Documents/MasterURJC/Mod10/4.2.Integracion-y-entrega-continua-ejem-1/actions-runner/.credentials'
[2022-06-10 13:47:48Z INFO ConfigurationStore] CredFilePath: /Users/pedro/Documents/MasterURJC/Mod10/4.2.Integracion-y-entrega-continua-ejem-1/actions-runner/.credentials
[2022-06-10 13:47:48Z INFO HostContext] Well known directory 'Bin': '/Users/pedro/Documents/MasterURJC/Mod10/4.2.Integracion-y-entrega-continua-ejem-1/actions-runner/bin'
[2022-06-10 13:47:48Z INFO HostContext] Well known directory 'Root': '/Users/pedro/Documents/MasterURJC/Mod10/4.2.Integracion-y-entrega-continua-ejem-1/actions-runner'
[2022-06-10 13:47:48Z INFO HostContext] Well known config file 'MigratedCredentials': '/Users/pedro/Documents/MasterURJC/Mod10/4.2.Integracion-y-entrega-continua-ejem-1/actions-runner/.credentials_migrated'
[2022-06-10 13:47:48Z INFO ConfigurationStore] MigratedCredFilePath: /Users/pedro/Documents/MasterURJC/Mod10/4.2.Integracion-y-entrega-continua-ejem-1/actions-runner/.credentials_migrated
[2022-06-10 13:47:48Z INFO HostContext] Well known directory 'Bin': '/Users/pedro/Documents/MasterURJC/Mod10/4.2.Integracion-y-entrega-continua-ejem-1/actions-runner/bin'
[2022-06-10 13:47:48Z INFO HostContext] Well known directory 'Root': '/Users/pedro/Documents/MasterURJC/Mod10/4.2.Integracion-y-entrega-continua-ejem-1/actions-runner'
[2022-06-10 13:47:48Z INFO HostContext] Well known config file 'Service': '/Users/pedro/Documents/MasterURJC/Mod10/4.2.Integracion-y-entrega-continua-ejem-1/actions-runner/.service'
[2022-06-10 13:47:48Z INFO ConfigurationStore] ServiceConfigFilePath: /Users/pedro/Documents/MasterURJC/Mod10/4.2.Integracion-y-entrega-continua-ejem-1/actions-runner/.service
[2022-06-10 13:47:48Z INFO CommandSettings] Flag 'help': 'False'
[2022-06-10 13:47:48Z INFO CommandSettings] Flag 'version': 'False'
[2022-06-10 13:47:48Z INFO CommandSettings] Flag 'commit': 'False'
[2022-06-10 13:47:48Z INFO CommandSettings] Flag 'check': 'False'
[2022-06-10 13:47:48Z INFO CommandSettings] Command 'configure': 'True'
[2022-06-10 13:47:48Z INFO Terminal] WRITE LINE: 
[2022-06-10 13:47:48Z INFO Terminal] WRITE LINE: --------------------------------------------------------------------------------
[2022-06-10 13:47:48Z INFO Terminal] WRITE LINE: |        ____ _ _   _   _       _          _        _   _                      |
[2022-06-10 13:47:48Z INFO Terminal] WRITE LINE: |       / ___(_) |_| | | |_   _| |__      / \   ___| |_(_) ___  _ __  ___      |
[2022-06-10 13:47:48Z INFO Terminal] WRITE LINE: |      | |  _| | __| |_| | | | | '_ \    / _ \ / __| __| |/ _ \| '_ \/ __|     |
[2022-06-10 13:47:48Z INFO Terminal] WRITE LINE: |      | |_| | | |_|  _  | |_| | |_) |  / ___ \ (__| |_| | (_) | | | \__ \     |
[2022-06-10 13:47:48Z INFO Terminal] WRITE LINE: |       \____|_|\__|_| |_|\__,_|_.__/  /_/   \_\___|\__|_|\___/|_| |_|___/     |
[2022-06-10 13:47:48Z INFO Terminal] WRITE LINE: |                                                                              |
[2022-06-10 13:47:48Z INFO Terminal] WRITE: |                       
[2022-06-10 13:47:48Z INFO Terminal] WRITE: Self-hosted runner registration
[2022-06-10 13:47:48Z INFO Terminal] WRITE LINE:                         |
[2022-06-10 13:47:48Z INFO Terminal] WRITE LINE: |                                                                              |
[2022-06-10 13:47:48Z INFO Terminal] WRITE LINE: --------------------------------------------------------------------------------
[2022-06-10 13:47:48Z INFO ConfigurationManager] ConfigureAsync
[2022-06-10 13:47:48Z INFO ConfigurationStore] IsConfigured()
[2022-06-10 13:47:48Z INFO ConfigurationStore] IsConfigured: False
[2022-06-10 13:47:48Z INFO ConfigurationManager] Is configured: False
[2022-06-10 13:47:48Z INFO CommandSettings] Arg 'url': 'https://github.com/pedro-carrasco/4.2.Integracion-y-entrega-continua-ejem-1'
[2022-06-10 13:47:48Z INFO CommandSettings] Remove url from Arg dictionary.
[2022-06-10 13:47:48Z INFO CommandSettings] Arg 'token': '***'
[2022-06-10 13:47:48Z INFO CommandSettings] Remove token from Arg dictionary.
[2022-06-10 13:47:49Z INFO ConfigurationManager] Http response code: OK from 'POST https://api.github.com/actions/runner-registration'
[2022-06-10 13:47:49Z INFO ConfigurationManager] cred retrieved via GitHub auth
[2022-06-10 13:47:49Z INFO RunnerServer] Establish connection with 100 seconds timeout.
[2022-06-10 13:47:49Z INFO GitHubActionsService] Starting operation Location.GetConnectionData
[2022-06-10 13:47:49Z INFO RunnerServer] Establish connection with 60 seconds timeout.
[2022-06-10 13:47:49Z INFO GitHubActionsService] Starting operation Location.GetConnectionData
[2022-06-10 13:47:49Z INFO RunnerServer] Establish connection with 60 seconds timeout.
[2022-06-10 13:47:49Z INFO GitHubActionsService] Starting operation Location.GetConnectionData
[2022-06-10 13:47:50Z INFO GitHubActionsService] Finished operation Location.GetConnectionData
[2022-06-10 13:47:50Z INFO GitHubActionsService] Finished operation Location.GetConnectionData
[2022-06-10 13:47:50Z INFO GitHubActionsService] Finished operation Location.GetConnectionData
[2022-06-10 13:47:50Z INFO Terminal] WRITE LINE: 
[2022-06-10 13:47:50Z INFO ConfigurationManager] Test Connection complete.
[2022-06-10 13:47:50Z INFO HostContext] Well known directory 'Bin': '/Users/pedro/Documents/MasterURJC/Mod10/4.2.Integracion-y-entrega-continua-ejem-1/actions-runner/bin'
[2022-06-10 13:47:50Z INFO HostContext] Well known directory 'Root': '/Users/pedro/Documents/MasterURJC/Mod10/4.2.Integracion-y-entrega-continua-ejem-1/actions-runner'
[2022-06-10 13:47:50Z INFO HostContext] Well known config file 'RSACredentials': '/Users/pedro/Documents/MasterURJC/Mod10/4.2.Integracion-y-entrega-continua-ejem-1/actions-runner/.credentials_rsaparams'
[2022-06-10 13:47:50Z INFO RSAFileKeyManager] Creating new RSA key using 2048-bit key length
[2022-06-10 13:47:50Z INFO RSAFileKeyManager] Successfully saved RSA key parameters to file /Users/pedro/Documents/MasterURJC/Mod10/4.2.Integracion-y-entrega-continua-ejem-1/actions-runner/.credentials_rsaparams
[2022-06-10 13:47:50Z INFO RSAFileKeyManager] Which: 'chmod'
[2022-06-10 13:47:50Z INFO RSAFileKeyManager] Location: '/bin/chmod'
[2022-06-10 13:47:50Z INFO HostContext] Well known directory 'Bin': '/Users/pedro/Documents/MasterURJC/Mod10/4.2.Integracion-y-entrega-continua-ejem-1/actions-runner/bin'
[2022-06-10 13:47:50Z INFO HostContext] Well known directory 'Root': '/Users/pedro/Documents/MasterURJC/Mod10/4.2.Integracion-y-entrega-continua-ejem-1/actions-runner'
[2022-06-10 13:47:50Z INFO ProcessInvokerWrapper] Starting process:
[2022-06-10 13:47:50Z INFO ProcessInvokerWrapper]   File name: '/bin/chmod'
[2022-06-10 13:47:50Z INFO ProcessInvokerWrapper]   Arguments: '600 /Users/pedro/Documents/MasterURJC/Mod10/4.2.Integracion-y-entrega-continua-ejem-1/actions-runner/.credentials_rsaparams'
[2022-06-10 13:47:50Z INFO ProcessInvokerWrapper]   Working directory: '/Users/pedro/Documents/MasterURJC/Mod10/4.2.Integracion-y-entrega-continua-ejem-1/actions-runner'
[2022-06-10 13:47:50Z INFO ProcessInvokerWrapper]   Require exit code zero: 'False'
[2022-06-10 13:47:50Z INFO ProcessInvokerWrapper]   Encoding web name:  ; code page: ''
[2022-06-10 13:47:50Z INFO ProcessInvokerWrapper]   Force kill process on cancellation: 'False'
[2022-06-10 13:47:50Z INFO ProcessInvokerWrapper]   Redirected STDIN: 'False'
[2022-06-10 13:47:50Z INFO ProcessInvokerWrapper]   Persist current code page: 'False'
[2022-06-10 13:47:50Z INFO ProcessInvokerWrapper]   Keep redirected STDIN open: 'False'
[2022-06-10 13:47:50Z INFO ProcessInvokerWrapper]   High priority process: 'False'
[2022-06-10 13:47:50Z INFO ProcessInvokerWrapper] Process started with process id 54686, waiting for process exit.
[2022-06-10 13:47:50Z INFO ProcessInvokerWrapper] STDOUT/STDERR stream read finished.
[2022-06-10 13:47:50Z INFO ProcessInvokerWrapper] STDOUT/STDERR stream read finished.
[2022-06-10 13:47:50Z INFO ProcessInvokerWrapper] Finished process 54686 with exit code 0, and elapsed time 00:00:00.0392427.
[2022-06-10 13:47:50Z INFO RSAFileKeyManager] Successfully set permissions for RSA key parameters file /Users/pedro/Documents/MasterURJC/Mod10/4.2.Integracion-y-entrega-continua-ejem-1/actions-runner/.credentials_rsaparams
[2022-06-10 13:47:50Z INFO CommandSettings] Arg 'runnergroup': ''
[2022-06-10 13:47:50Z INFO CommandSettings] Flag 'unattended': 'False'
[2022-06-10 13:47:50Z INFO PromptManager] ReadValue
[2022-06-10 13:47:50Z INFO Terminal] WRITE: Enter the name of the runner group to add this runner to: 
[2022-06-10 13:47:50Z INFO Terminal] WRITE: [press Enter for Default] 
[2022-06-10 13:47:50Z INFO Terminal] READ LINE
[2022-06-10 13:49:18Z INFO Terminal] Read value: 'mca'
[2022-06-10 13:49:18Z INFO Terminal] WRITE LINE: 
[2022-06-10 13:49:18Z ERR  Runner] GitHub.DistributedTask.WebApi.TaskAgentPoolNotFoundException: Could not find any self-hosted runner group named "mca".
   at GitHub.Runner.Listener.Configuration.ConfigurationManager.ConfigureAsync(CommandSettings command)
   at GitHub.Runner.Listener.Runner.ExecuteCommand(CommandSettings command)
[2022-06-10 13:49:18Z ERR  Terminal] WRITE ERROR: Could not find any self-hosted runner group named "mca".
[2022-06-10 13:49:18Z INFO Listener] Runner execution has finished with return code 1
